PLINK v1.90b7.2 64-bit (11 Dec 2023)
Options in effect:
  --make-bed
  --merge-list merge.txt
  --out merged_chr

Random number seed: 1712929196
12110 MB RAM detected; reserving 6055 MB for main workspace.

Performing single-pass merge (2548 people, 4962697 variants).
Merged fileset written to merged_chr-merge.bed + merged_chr-merge.bim +
merged_chr-merge.fam .
4962697 variants loaded from .bim file.
2548 people (0 males, 0 females, 2548 ambiguous) loaded from .fam.
Ambiguous sex IDs written to merged_chr.nosex .
Using 1 thread (no multithreaded calculations invoked).
Before main variant filters, 2548 founders and 0 nonfounders present.
Calculating allele frequencies... done.
Total genotyping rate is exactly 1.
4962697 variants and 2548 people pass filters and QC.
Note: No phenotypes present.
--make-bed to merged_chr.bed + merged_chr.bim + merged_chr.fam ... done.


