PLINK v1.90b7.2 64-bit (11 Dec 2023)
Options in effect:
  --bfile merged_chr
  --make-bed
  --out merged_updated_qc
  --rel-cutoff 0.2

Random number seed: 1712955617
12110 MB RAM detected; reserving 6055 MB for main workspace.
4962697 variants loaded from .bim file.
2548 people (0 males, 0 females, 2548 ambiguous) loaded from .fam.
Ambiguous sex IDs written to merged_updated_qc.nosex .
Using up to 15 threads (change this with --threads).
Before main variant filters, 2548 founders and 0 nonfounders present.
Calculating allele frequencies... done.
Total genotyping rate is exactly 1.
4962697 variants and 2548 people pass filters and QC (before --rel-cutoff).
Note: No phenotypes present.
Relationship matrix calculation complete.
77 people excluded by --rel-cutoff.
Remaining sample IDs written to merged_updated_qc.rel.id .
--make-bed to merged_updated_qc.bed + merged_updated_qc.bim +
merged_updated_qc.fam ... done.

