PLINK v1.90b7.2 64-bit (11 Dec 2023)
Options in effect:
  --bfile preprocessed_data
  --out pca
  --pca

Hostname: LAPTOP-RN7TR4R2
Working directory: C:\Aston University\AncestryPrediction\data\processed
Start time: Mon Apr 15 18:26:33 2024

Random number seed: 1713201993
12110 MB RAM detected; reserving 6055 MB for main workspace.
858 variants loaded from .bim file.
2471 people (0 males, 0 females, 2471 ambiguous) loaded from .fam.
Ambiguous sex IDs written to pca.nosex .
2471 phenotype values loaded from .fam.
Warning: Ignoring phenotypes of missing-sex samples.  If you don't want those
phenotypes to be ignored, use the --allow-no-sex flag.
Using up to 15 threads (change this with --threads).
Before main variant filters, 2471 founders and 0 nonfounders present.
Calculating allele frequencies... done.
Total genotyping rate is exactly 1.
858 variants and 2471 people pass filters and QC.
Note: No phenotypes present.
Relationship matrix calculation complete.
--pca: Results saved to pca.eigenval and pca.eigenvec .

End time: Mon Apr 15 18:26:39 2024
