PLINK v2.00a6 64-bit (18 Mar 2024)
Options in effect:
  --make-bed
  --new-id-max-allele-len 67
  --out chr1_final_qc__vcf_ids
  --set-missing-var-ids @:#\$r:\$a
  --vcf chr1_final_qc_vcf.vcf

Random number seed: 1712928279
12110 MiB RAM detected; reserving 6055 MiB for main workspace.
Using up to 16 threads (change this with --threads).
--vcf: 376527 variants scanned.
--vcf: chr1_final_qc__vcf_ids-temporary.pgen +
chr1_final_qc__vcf_ids-temporary.pvar.zst +
chr1_final_qc__vcf_ids-temporary.psam written.
2548 samples (0 females, 0 males, 2548 ambiguous; 2548 founders) loaded from
chr1_final_qc__vcf_ids-temporary.psam.
376527 variants loaded from chr1_final_qc__vcf_ids-temporary.pvar.zst.
Note: No phenotype data present.
Writing chr1_final_qc__vcf_ids.fam ... done.
Writing chr1_final_qc__vcf_ids.bim ... done.
Writing chr1_final_qc__vcf_ids.bed ... done.
