PLINK v1.90b7.2 64-bit (11 Dec 2023)
Options in effect:
  --bfile chr1_step2
  --hwe 1e-6
  --maf 0.05
  --make-bed
  --out chr1_final_qc

Random number seed: 1712864423
12110 MB RAM detected; reserving 6055 MB for main workspace.
6191833 variants loaded from .bim file.
2548 people (0 males, 0 females, 2548 ambiguous) loaded from .fam.
Ambiguous sex IDs written to chr1_final_qc.nosex .
Using 1 thread (no multithreaded calculations invoked).
Before main variant filters, 2548 founders and 0 nonfounders present.
Calculating allele frequencies... done.
Total genotyping rate is exactly 1.
--hwe: 237790 variants removed due to Hardy-Weinberg exact test.
5577516 variants removed due to minor allele threshold(s)
(--maf/--max-maf/--mac/--max-mac).
376527 variants and 2548 people pass filters and QC.
Note: No phenotypes present.
--make-bed to chr1_final_qc.bed + chr1_final_qc.bim + chr1_final_qc.fam ...
done.


